Arguments: 
  C:\Program Files\nodejs\node.exe C:\Users\desig\AppData\Roaming\npm\node_modules\yarn\bin\yarn.js

PATH: 
  C:\Users\desig\bin;C:\Program Files\Git\mingw64\bin;C:\Program Files\Git\usr\local\bin;C:\Program Files\Git\usr\bin;C:\Program Files\Git\usr\bin;C:\Program Files\Git\mingw64\bin;C:\Program Files\Git\usr\bin;C:\Users\desig\bin;C:\Program Files\Google\Chrome\Application;C:\Python310\Scripts;C:\Python310;C:\WINDOWS\system32;C:\WINDOWS;C:\WINDOWS\System32\Wbem;C:\WINDOWS\System32\WindowsPowerShell\v1.0;C:\ProgramData\chocolatey\bin;C:\Program Files\PowerShell\7;C:\Program Files\nodejs;C:\Program Files\Git\cmd;C:\WINDOWS\System32\OpenSSH;C:\Users\desig\AppData\Local\Microsoft\WindowsApps;C:\Users\desig\AppData\Local\Programs\Microsoft VS Code\bin;C:\Users\desig\AppData\Local\GitHubDesktop\bin;C:\tools\dart-sdk\bin;C:\Users\desig\AppData\Roaming\Pub\Cache\bin;C:\Users\desig\AppData\Roaming\npm;C:\Users\desig\AppData\Local\atom\bin;C:\Users\desig\.deno\bin;C:\adb;C:\Users\desig\AppData\Local\Microsoft\WindowsApps;C:\Users\desig\AppData\Local\Programs\Microsoft VS Code\bin;C:\Users\desig\AppData\Local\GitHubDesktop\bin;C:\tools\dart-sdk\bin;C:\Users\desig\AppData\Roaming\Pub\Cache\bin;C:\Users\desig\AppData\Roaming\npm;C:\Users\desig\.deno\bin;C:\Program Files\Git\usr\bin\vendor_perl;C:\Program Files\Git\usr\bin\core_perl

Yarn version: 
  1.22.19

Node version: 
  16.16.0

Platform: 
  win32 x64

Trace: 
  Error: EPERM: operation not permitted, copyfile 'C:\Users\desig\AppData\Local\Yarn\Cache\v6\npm-clsx-1.2.1-0ddc4a20a549b59c93a4116bb26f5294ca17dc12-integrity\node_modules\clsx\package.json' -> 'C:\Users\desig\Desktop\nitro-starter\node_modules\@material-ui\styles\node_modules\clsx\package.json'

npm manifest: 
  {
    "name": "nitro",
    "version": "2.0.0",
    "private": true,
    "dependencies": {
      "@material-ui/core": "4.12.4",
      "@material-ui/icons": "4.11.3",
      "clsx": "1.2.0",
      "dotenv": "10.0.0",
      "dotenv-load": "2.0.1",
      "gsap": "3.10.4",
      "next": "^12.2.4",
      "next-compose-plugins": "2.2.1",
      "next-env": "1.1.1",
      "next-offline": "5.0.5",
      "react": "^18.2.0",
      "react-dom": "^18.2.0",
      "use-auth0": "0.5.1"
    },
    "devDependencies": {
      "@types/dotenv": "8.2.0",
      "@types/eslint": "7.29.0",
      "@types/react-jss": "10.0.0",
      "@types/styled-jsx": "2.2.9",
      "@types/typescript": "2.0.0",
      "@typescript-eslint/eslint-plugin": "4.33.0",
      "@typescript-eslint/parser": "4.33.0",
      "babel-eslint": "10.1.0",
      "babel-plugin-module-resolver": "4.1.0",
      "eslint": "7.32.0",
      "eslint-config-airbnb": "18.2.1",
      "eslint-config-prettier": "8.5.0",
      "eslint-plugin-import": "2.26.0",
      "eslint-plugin-jsx-a11y": "6.6.0",
      "eslint-plugin-prettier": "3.4.1",
      "eslint-plugin-react": "7.30.1",
      "eslint-plugin-react-hooks": "4.6.0",
      "prettier": "2.7.1",
      "prettier-eslint": "12.0.0",
      "typescript": "4.7.4",
      "vercel": "23.1.2",
      "webpack": "5.73.0"
    },
    "scripts": {
      "dev": "vercel dev --listen 8080",
      "build": "next build",
      "start": "next start"
    }
  }

yarn manifest: 
  No manifest

Lockfile: 
  No lockfile
